<?xml version="1.0" encoding="UTF-8"?>
<!-- Generated by org.testng.reporters.JUnitReportReporter -->
<testsuite hostname="Volatile" failures="0" tests="2" name="testcases.LoginTest" time="8.416" errors="0" timestamp="07 May 2024 17:16:50 GMT" skipped="0">
  <testcase classname="testcases.LoginTest" name="navigation" time="4.405"/>
  <testcase classname="testcases.LoginTest" name="navigation" time="4.011"/>
</testsuite> <!-- testcases.LoginTest -->
