<?xml version="1.0" encoding="UTF-8"?>
<!-- Generated by org.testng.reporters.JUnitReportReporter -->
<testsuite hostname="DESKTOP-A54I250" failures="0" tests="2" name="testcases.LoginTest" time="17.248" errors="0" timestamp="05 May 2024 09:19:33 GMT" skipped="0">
  <testcase classname="testcases.LoginTest" name="navigation" time="5.848"/>
  <testcase classname="testcases.LoginTest" name="navigation" time="11.400"/>
</testsuite> <!-- testcases.LoginTest -->
